[debug] [2020-02-14T07:38:04.955Z] ----------------------------------------------------------------------
[debug] [2020-02-14T07:38:04.977Z] Command:       C:\Program Files\nodejs\node.exe C:\Users\student-cpt-224\AppData\Roaming\npm\node_modules\firebase-tools\lib\bin\firebase.js init
[debug] [2020-02-14T07:38:04.977Z] CLI Version:   7.13.0
[debug] [2020-02-14T07:38:04.977Z] Platform:      win32
[debug] [2020-02-14T07:38:04.977Z] Node Version:  v12.16.0
[debug] [2020-02-14T07:38:05.052Z] Time:          Fri Feb 14 2020 09:38:04 GMT+0200 (South Africa Standard Time)
[debug] [2020-02-14T07:38:05.052Z] ----------------------------------------------------------------------
[debug] [2020-02-14T07:38:05.052Z] 
[debug] [2020-02-14T07:38:05.168Z] > command requires scopes: ["email","openid","https://www.googleapis.com/auth/cloudplatformprojects.readonly","https://www.googleapis.com/auth/firebase","https://www.googleapis.com/auth/cloud-platform"]
[debug] [2020-02-14T07:38:05.170Z] > authorizing via signed-in user
[info] 
     ######## #### ########  ######## ########     ###     ######  ########
     ##        ##  ##     ## ##       ##     ##  ##   ##  ##       ##
     ######    ##  ########  ######   ########  #########  ######  ######
     ##        ##  ##    ##  ##       ##     ## ##     ##       ## ##
     ##       #### ##     ## ######## ########  ##     ##  ######  ########

You're about to initialize a Firebase project in this directory:

  \\bwb-ad01\Redir\student-cpt-224\Desktop\fire

[info] 
=== Project Setup
[info] 
[info] First, let's associate this project directory with a Firebase project.
[info] You can create multiple project aliases by running firebase use --add, 
[info] but for now we'll just set up a default project.
[info] 
[debug] [2020-02-14T07:40:55.478Z] ----------------------------------------------------------------------
[debug] [2020-02-14T07:40:55.480Z] Command:       C:\Program Files\nodejs\node.exe C:\Users\student-cpt-224\AppData\Roaming\npm\node_modules\firebase-tools\lib\bin\firebase.js init
[debug] [2020-02-14T07:40:55.480Z] CLI Version:   7.13.0
[debug] [2020-02-14T07:40:55.480Z] Platform:      win32
[debug] [2020-02-14T07:40:55.480Z] Node Version:  v12.16.0
[debug] [2020-02-14T07:40:55.481Z] Time:          Fri Feb 14 2020 09:40:55 GMT+0200 (South Africa Standard Time)
[debug] [2020-02-14T07:40:55.481Z] ----------------------------------------------------------------------
[debug] [2020-02-14T07:40:55.481Z] 
[debug] [2020-02-14T07:40:55.488Z] > command requires scopes: ["email","openid","https://www.googleapis.com/auth/cloudplatformprojects.readonly","https://www.googleapis.com/auth/firebase","https://www.googleapis.com/auth/cloud-platform"]
[debug] [2020-02-14T07:40:55.488Z] > authorizing via signed-in user
[info] 
     ######## #### ########  ######## ########     ###     ######  ########
     ##        ##  ##     ## ##       ##     ##  ##   ##  ##       ##
     ######    ##  ########  ######   ########  #########  ######  ######
     ##        ##  ##    ##  ##       ##     ## ##     ##       ## ##
     ##       #### ##     ## ######## ########  ##     ##  ######  ########

You're about to initialize a Firebase project in this directory:

  \\bwb-ad01\Redir\student-cpt-224\Desktop\fire

[debug] [2020-02-14T07:53:49.379Z] ----------------------------------------------------------------------
[debug] [2020-02-14T07:53:49.381Z] Command:       C:\Program Files\nodejs\node.exe C:\Users\student-cpt-224\AppData\Roaming\npm\node_modules\firebase-tools\lib\bin\firebase.js init
[debug] [2020-02-14T07:53:49.381Z] CLI Version:   7.13.0
[debug] [2020-02-14T07:53:49.381Z] Platform:      win32
[debug] [2020-02-14T07:53:49.381Z] Node Version:  v12.16.0
[debug] [2020-02-14T07:53:49.382Z] Time:          Fri Feb 14 2020 09:53:49 GMT+0200 (South Africa Standard Time)
[debug] [2020-02-14T07:53:49.382Z] ----------------------------------------------------------------------
[debug] [2020-02-14T07:53:49.383Z] 
[debug] [2020-02-14T07:53:49.389Z] > command requires scopes: ["email","openid","https://www.googleapis.com/auth/cloudplatformprojects.readonly","https://www.googleapis.com/auth/firebase","https://www.googleapis.com/auth/cloud-platform"]
[debug] [2020-02-14T07:53:49.389Z] > authorizing via signed-in user
[info] 
     ######## #### ########  ######## ########     ###     ######  ########
     ##        ##  ##     ## ##       ##     ##  ##   ##  ##       ##
     ######    ##  ########  ######   ########  #########  ######  ######
     ##        ##  ##    ##  ##       ##     ## ##     ##       ## ##
     ##       #### ##     ## ######## ########  ##     ##  ######  ########

You're about to initialize a Firebase project in this directory:

  C:\Users\student-cpt-224\Music\fire

[debug] [2020-02-14T09:50:08.946Z] Error: kill ENOSYS
    at process.kill (internal/process/per_thread.js:196:13)
    at process.listener (C:\Users\student-cpt-224\AppData\Roaming\npm\node_modules\firebase-tools\node_modules\signal-exit\index.js:95:15)
    at process.emit (events.js:321:20)
[error] 
[error] Error: An unexpected error has occurred.
